c:\users\14872\desktop\石胜玲\mfc\3月10日\实验一\three\three\debug\three.pch
c:\users\14872\desktop\石胜玲\mfc\3月10日\实验一\three\three\debug\vc140.pdb
c:\users\14872\desktop\石胜玲\mfc\3月10日\实验一\three\three\debug\vc140.idb
c:\users\14872\desktop\石胜玲\mfc\3月10日\实验一\three\three\debug\stdafx.obj
c:\users\14872\desktop\石胜玲\mfc\3月10日\实验一\three\three\debug\threeview.obj
c:\users\14872\desktop\石胜玲\mfc\3月10日\实验一\three\three\debug\childfrm.obj
c:\users\14872\desktop\石胜玲\mfc\3月10日\实验一\three\three\debug\mainfrm.obj
c:\users\14872\desktop\石胜玲\mfc\3月10日\实验一\three\three\debug\three.obj
c:\users\14872\desktop\石胜玲\mfc\3月10日\实验一\three\three\debug\threedoc.obj
c:\users\14872\desktop\石胜玲\mfc\3月10日\实验一\three\debug\three.ilk
c:\users\14872\desktop\石胜玲\mfc\3月10日\实验一\three\debug\three.exe
c:\users\14872\desktop\石胜玲\mfc\3月10日\实验一\three\debug\three.pdb
c:\users\14872\desktop\石胜玲\mfc\3月10日\实验一\three\three\debug\three.res
c:\users\14872\desktop\石胜玲\mfc\3月10日\实验一\three\three\debug\three.tlog\cl.command.1.tlog
c:\users\14872\desktop\石胜玲\mfc\3月10日\实验一\three\three\debug\three.tlog\cl.read.1.tlog
c:\users\14872\desktop\石胜玲\mfc\3月10日\实验一\three\three\debug\three.tlog\cl.write.1.tlog
c:\users\14872\desktop\石胜玲\mfc\3月10日\实验一\three\three\debug\three.tlog\link.command.1.tlog
c:\users\14872\desktop\石胜玲\mfc\3月10日\实验一\three\three\debug\three.tlog\link.read.1.tlog
c:\users\14872\desktop\石胜玲\mfc\3月10日\实验一\three\three\debug\three.tlog\link.write.1.tlog
c:\users\14872\desktop\石胜玲\mfc\3月10日\实验一\three\three\debug\three.tlog\rc.command.1.tlog
c:\users\14872\desktop\石胜玲\mfc\3月10日\实验一\three\three\debug\three.tlog\rc.read.1.tlog
c:\users\14872\desktop\石胜玲\mfc\3月10日\实验一\three\three\debug\three.tlog\rc.write.1.tlog
